WARNING: ignoring environment value of R_HOME
Loading required package: BSgenome
Loading required package: BiocGenerics

Attaching package: ‘BiocGenerics’

The following objects are masked from ‘package:stats’:

    IQR, mad, sd, var, xtabs

The following objects are masked from ‘package:base’:

    anyDuplicated, append, as.data.frame, basename, cbind, colnames,
    dirname, do.call, duplicated, eval, evalq, Filter, Find, get, grep,
    grepl, intersect, is.unsorted, lapply, Map, mapply, match, mget,
    order, paste, pmax, pmax.int, pmin, pmin.int, Position, rank,
    rbind, Reduce, rownames, sapply, setdiff, sort, table, tapply,
    union, unique, unsplit, which.max, which.min

Loading required package: S4Vectors
Loading required package: stats4

Attaching package: ‘S4Vectors’

The following objects are masked from ‘package:base’:

    expand.grid, I, unname

Loading required package: IRanges
Loading required package: GenomeInfoDb
Loading required package: GenomicRanges
Loading required package: Biostrings
Loading required package: XVector

Attaching package: ‘Biostrings’

The following object is masked from ‘package:base’:

    strsplit

Loading required package: rtracklayer
Loading required package: ensembldb
Loading required package: GenomicFeatures
Loading required package: AnnotationDbi
Loading required package: Biobase
Welcome to Bioconductor

    Vignettes contain introductory material; view with
    'browseVignettes()'. To cite Bioconductor, see
    'citation("Biobase")', and for packages 'citation("pkgname")'.

Loading required package: AnnotationFilter

Attaching package: 'ensembldb'

The following object is masked from 'package:stats':

    filter


Attaching package: 'dplyr'

The following objects are masked from 'package:ensembldb':

    filter, select

The following object is masked from 'package:AnnotationDbi':

    select

The following object is masked from 'package:Biobase':

    combine

The following objects are masked from 'package:Biostrings':

    collapse, intersect, setdiff, setequal, union

The following object is masked from 'package:XVector':

    slice

The following objects are masked from 'package:GenomicRanges':

    intersect, setdiff, union

The following object is masked from 'package:GenomeInfoDb':

    intersect

The following objects are masked from 'package:IRanges':

    collapse, desc, intersect, setdiff, slice, union

The following objects are masked from 'package:S4Vectors':

    first, intersect, rename, setdiff, setequal, union

The following objects are masked from 'package:BiocGenerics':

    combine, intersect, setdiff, union

The following objects are masked from 'package:stats':

    filter, lag

The following objects are masked from 'package:base':

    intersect, setdiff, setequal, union

Registered S3 method overwritten by 'spatstat.core':
  method          from
  formula.glmmPQL MASS
Attaching SeuratObject
Attaching sp

Attaching package: 'future'

The following object is masked from 'package:AnnotationFilter':

    value

The following object is masked from 'package:rtracklayer':

    values

The following object is masked from 'package:GenomicRanges':

    values

The following object is masked from 'package:S4Vectors':

    values


Attaching package: 'data.table'

The following objects are masked from 'package:dplyr':

    between, first, last

The following object is masked from 'package:GenomicRanges':

    shift

The following object is masked from 'package:IRanges':

    shift

The following objects are masked from 'package:S4Vectors':

    first, second

Loading required package: Rcpp

[1] "Reading GeneActivity Multiome..."
[1] "Beginning chromvar analysis..."
[1] "Get a list of motif position frequency matrices from the JASPAR database..."
[1] "add motif information..."
Building motif matrix
as(<lgCMatrix>, "dgCMatrix") is deprecated since Matrix 1.5-0; do as(., "dMatrix") instead
Finding motif positions
Creating Motif object
[1] "RunChromVAR..."
Computing GC bias per region
Selecting background regions
Computing deviations from background
Constructing chromVAR assay
[1] "Saving round 2 results + GeneActivity + ChromVAR..."
Error: trying to get slot "assays" from an object of a basic class ("function") with no slots
Execution halted
