Start
Beginning script subset_data.py
1

 * Reading in data.../oak/stanford/groups/smontgom/amarder/t21-proj/out/data/10X_DownSyndrome_Femur.umap.h5ad
2
3

 * Saving data to file.../oak/stanford/groups/smontgom/amarder/t21-proj/out/data/10X_DownSyndrome_Femur.umap.subset.h5ad
4
1

 * Reading in data.../oak/stanford/groups/smontgom/amarder/t21-proj/out/data/10X_DownSyndrome_Liver.umap.h5ad
2
3

 * Saving data to file.../oak/stanford/groups/smontgom/amarder/t21-proj/out/data/10X_DownSyndrome_Liver.umap.subset.h5ad
4
1

 * Reading in data.../oak/stanford/groups/smontgom/amarder/t21-proj/out/data/10X_Healthy_Femur.umap.h5ad
2
3

 * Saving data to file.../oak/stanford/groups/smontgom/amarder/t21-proj/out/data/10X_Healthy_Femur.umap.subset.h5ad
4
1

 * Reading in data.../oak/stanford/groups/smontgom/amarder/t21-proj/out/data/10X_Healthy_Liver.umap.h5ad
2
3

 * Saving data to file.../oak/stanford/groups/smontgom/amarder/t21-proj/out/data/10X_Healthy_Liver.umap.subset.h5ad
4
