Start
Beginning script draw_scRNA_umap.sample.py
Beginning script...
Module loading completed.

 * Reading in data.../oak/stanford/groups/smontgom/amarder/data/t21/ScanpyObjects/10X_DownSyndrome_Femur.h5ad

 * Saving 3d data to file.../oak/stanford/groups/smontgom/amarder/t21-proj/out/full/data/10X_DownSyndrome_Femur.umap3d.cells_removed.h5ad
Done.

 * Saving 2d data to file.../oak/stanford/groups/smontgom/amarder/t21-proj/out/full/data/10X_DownSyndrome_Femur.umap2d.cells_removed.h5ad
Done.

 * Script completed.

 * Plotting & saving UMAP (numerical labels)... /oak/stanford/groups/smontgom/amarder/t21-proj/out/full/data/10X_DownSyndrome_Femur.umap.sample.pdf

 * Plot saved.

 * Plotting & saving UMAP.../oak/stanford/groups/smontgom/amarder/t21-proj/out/full/umap_cluster/10X_DownSyndrome_Femur.umap.1.2.sample.pdf

 * Plot saved.

 * Plotting & saving UMAP (no legend).../oak/stanford/groups/smontgom/amarder/t21-proj/out/full/umap_cluster/10X_DownSyndrome_Femur.umap.1.2.sample.no_legend.pdf

 * Plot saved.

 * Plotting & saving UMAP.../oak/stanford/groups/smontgom/amarder/t21-proj/out/full/umap_cluster/10X_DownSyndrome_Femur.umap.1.3.sample.pdf

 * Plot saved.

 * Plotting & saving UMAP (no legend).../oak/stanford/groups/smontgom/amarder/t21-proj/out/full/umap_cluster/10X_DownSyndrome_Femur.umap.1.3.sample.no_legend.pdf

 * Plot saved.

 * Plotting & saving UMAP.../oak/stanford/groups/smontgom/amarder/t21-proj/out/full/umap_cluster/10X_DownSyndrome_Femur.umap.2.3.sample.pdf

 * Plot saved.

 * Plotting & saving UMAP (no legend).../oak/stanford/groups/smontgom/amarder/t21-proj/out/full/umap_cluster/10X_DownSyndrome_Femur.umap.2.3.sample.no_legend.pdf

 * Plot saved.

 * Reading in data.../oak/stanford/groups/smontgom/amarder/data/t21/ScanpyObjects/10X_DownSyndrome_Liver.h5ad

 * Saving 3d data to file.../oak/stanford/groups/smontgom/amarder/t21-proj/out/full/data/10X_DownSyndrome_Liver.umap3d.cells_removed.h5ad
Done.

 * Saving 2d data to file.../oak/stanford/groups/smontgom/amarder/t21-proj/out/full/data/10X_DownSyndrome_Liver.umap2d.cells_removed.h5ad
Done.

 * Script completed.

 * Plotting & saving UMAP (numerical labels)... /oak/stanford/groups/smontgom/amarder/t21-proj/out/full/data/10X_DownSyndrome_Liver.umap.sample.pdf

 * Plot saved.

 * Plotting & saving UMAP.../oak/stanford/groups/smontgom/amarder/t21-proj/out/full/umap_cluster/10X_DownSyndrome_Liver.umap.1.2.sample.pdf

 * Plot saved.

 * Plotting & saving UMAP (no legend).../oak/stanford/groups/smontgom/amarder/t21-proj/out/full/umap_cluster/10X_DownSyndrome_Liver.umap.1.2.sample.no_legend.pdf

 * Plot saved.

 * Plotting & saving UMAP.../oak/stanford/groups/smontgom/amarder/t21-proj/out/full/umap_cluster/10X_DownSyndrome_Liver.umap.1.3.sample.pdf

 * Plot saved.

 * Plotting & saving UMAP (no legend).../oak/stanford/groups/smontgom/amarder/t21-proj/out/full/umap_cluster/10X_DownSyndrome_Liver.umap.1.3.sample.no_legend.pdf

 * Plot saved.

 * Plotting & saving UMAP.../oak/stanford/groups/smontgom/amarder/t21-proj/out/full/umap_cluster/10X_DownSyndrome_Liver.umap.2.3.sample.pdf

 * Plot saved.

 * Plotting & saving UMAP (no legend).../oak/stanford/groups/smontgom/amarder/t21-proj/out/full/umap_cluster/10X_DownSyndrome_Liver.umap.2.3.sample.no_legend.pdf

 * Plot saved.

 * Reading in data.../oak/stanford/groups/smontgom/amarder/data/t21/ScanpyObjects/10X_Healthy_Femur.h5ad

 * Saving 3d data to file.../oak/stanford/groups/smontgom/amarder/t21-proj/out/full/data/10X_Healthy_Femur.umap3d.cells_removed.h5ad
Done.

 * Saving 2d data to file.../oak/stanford/groups/smontgom/amarder/t21-proj/out/full/data/10X_Healthy_Femur.umap2d.cells_removed.h5ad
Done.

 * Script completed.

 * Plotting & saving UMAP (numerical labels)... /oak/stanford/groups/smontgom/amarder/t21-proj/out/full/data/10X_Healthy_Femur.umap.sample.pdf

 * Plot saved.

 * Plotting & saving UMAP.../oak/stanford/groups/smontgom/amarder/t21-proj/out/full/umap_cluster/10X_Healthy_Femur.umap.1.2.sample.pdf

 * Plot saved.

 * Plotting & saving UMAP (no legend).../oak/stanford/groups/smontgom/amarder/t21-proj/out/full/umap_cluster/10X_Healthy_Femur.umap.1.2.sample.no_legend.pdf

 * Plot saved.

 * Plotting & saving UMAP.../oak/stanford/groups/smontgom/amarder/t21-proj/out/full/umap_cluster/10X_Healthy_Femur.umap.1.3.sample.pdf

 * Plot saved.

 * Plotting & saving UMAP (no legend).../oak/stanford/groups/smontgom/amarder/t21-proj/out/full/umap_cluster/10X_Healthy_Femur.umap.1.3.sample.no_legend.pdf

 * Plot saved.

 * Plotting & saving UMAP.../oak/stanford/groups/smontgom/amarder/t21-proj/out/full/umap_cluster/10X_Healthy_Femur.umap.2.3.sample.pdf

 * Plot saved.

 * Plotting & saving UMAP (no legend).../oak/stanford/groups/smontgom/amarder/t21-proj/out/full/umap_cluster/10X_Healthy_Femur.umap.2.3.sample.no_legend.pdf

 * Plot saved.

 * Reading in data.../oak/stanford/groups/smontgom/amarder/data/t21/ScanpyObjects/10X_Healthy_Liver.h5ad

 * Saving 3d data to file.../oak/stanford/groups/smontgom/amarder/t21-proj/out/full/data/10X_Healthy_Liver.umap3d.cells_removed.h5ad
Done.

 * Saving 2d data to file.../oak/stanford/groups/smontgom/amarder/t21-proj/out/full/data/10X_Healthy_Liver.umap2d.cells_removed.h5ad
Done.

 * Script completed.

 * Plotting & saving UMAP (numerical labels)... /oak/stanford/groups/smontgom/amarder/t21-proj/out/full/data/10X_Healthy_Liver.umap.sample.pdf

 * Plot saved.

 * Plotting & saving UMAP.../oak/stanford/groups/smontgom/amarder/t21-proj/out/full/umap_cluster/10X_Healthy_Liver.umap.1.2.sample.pdf

 * Plot saved.

 * Plotting & saving UMAP (no legend).../oak/stanford/groups/smontgom/amarder/t21-proj/out/full/umap_cluster/10X_Healthy_Liver.umap.1.2.sample.no_legend.pdf

 * Plot saved.

 * Plotting & saving UMAP.../oak/stanford/groups/smontgom/amarder/t21-proj/out/full/umap_cluster/10X_Healthy_Liver.umap.1.3.sample.pdf

 * Plot saved.

 * Plotting & saving UMAP (no legend).../oak/stanford/groups/smontgom/amarder/t21-proj/out/full/umap_cluster/10X_Healthy_Liver.umap.1.3.sample.no_legend.pdf

 * Plot saved.

 * Plotting & saving UMAP.../oak/stanford/groups/smontgom/amarder/t21-proj/out/full/umap_cluster/10X_Healthy_Liver.umap.2.3.sample.pdf

 * Plot saved.

 * Plotting & saving UMAP (no legend).../oak/stanford/groups/smontgom/amarder/t21-proj/out/full/umap_cluster/10X_Healthy_Liver.umap.2.3.sample.no_legend.pdf

 * Plot saved.

 * Script complete...
