
Lmod is automatically replacing "r/4.0" with "R/4.0".

Start
Beginning script pseudobulk_de_test.R
Attaching SeuratObject
Loading required package: limma
Performing log-normalization
0%   10   20   30   40   50   60   70   80   90   100%
[----|----|----|----|----|----|----|----|----|----|
**************************************************|
Warning message:
In paste0("leiden_v", max(as.numeric(substring(colnames(df@meta.data)[grep("leiden_v",  :
  NAs introduced by coercion
Performing log-normalization
0%   10   20   30   40   50   60   70   80   90   100%
[----|----|----|----|----|----|----|----|----|----|
**************************************************|
Warning message:
In paste0("leiden_v", max(as.numeric(substring(colnames(df2@meta.data)[grep("leiden_v",  :
  NAs introduced by coercion
[1] "1/8: Erythroid"
x being coerced from class: matrix to data.table
