Start
Beginning script pseudobulk_de_v3.R
Attaching SeuratObject
Loading required package: Matrix
Loading required package: S4Vectors
Loading required package: stats4
Loading required package: BiocGenerics
Loading required package: parallel

Attaching package: ‘BiocGenerics’

The following objects are masked from ‘package:parallel’:

    clusterApply, clusterApplyLB, clusterCall, clusterEvalQ,
    clusterExport, clusterMap, parApply, parCapply, parLapply,
    parLapplyLB, parRapply, parSapply, parSapplyLB

The following objects are masked from ‘package:stats’:

    IQR, mad, sd, var, xtabs

The following objects are masked from ‘package:base’:

    anyDuplicated, append, as.data.frame, basename, cbind, colnames,
    dirname, do.call, duplicated, eval, evalq, Filter, Find, get, grep,
    grepl, intersect, is.unsorted, lapply, Map, mapply, match, mget,
    order, paste, pmax, pmax.int, pmin, pmin.int, Position, rank,
    rbind, Reduce, rownames, sapply, setdiff, sort, table, tapply,
    union, unique, unsplit, which.max, which.min


Attaching package: ‘S4Vectors’

The following object is masked from ‘package:Matrix’:

    expand

The following objects are masked from ‘package:data.table’:

    first, second

The following object is masked from ‘package:base’:

    expand.grid

Loading required package: IRanges

Attaching package: ‘IRanges’

The following object is masked from ‘package:data.table’:

    shift

Loading required package: GenomicRanges
Loading required package: GenomeInfoDb
Loading required package: SummarizedExperiment
Loading required package: MatrixGenerics
Loading required package: matrixStats

Attaching package: ‘MatrixGenerics’

The following objects are masked from ‘package:matrixStats’:

    colAlls, colAnyNAs, colAnys, colAvgsPerRowSet, colCollapse,
    colCounts, colCummaxs, colCummins, colCumprods, colCumsums,
    colDiffs, colIQRDiffs, colIQRs, colLogSumExps, colMadDiffs,
    colMads, colMaxs, colMeans2, colMedians, colMins, colOrderStats,
    colProds, colQuantiles, colRanges, colRanks, colSdDiffs, colSds,
    colSums2, colTabulates, colVarDiffs, colVars, colWeightedMads,
    colWeightedMeans, colWeightedMedians, colWeightedSds,
    colWeightedVars, rowAlls, rowAnyNAs, rowAnys, rowAvgsPerColSet,
    rowCollapse, rowCounts, rowCummaxs, rowCummins, rowCumprods,
    rowCumsums, rowDiffs, rowIQRDiffs, rowIQRs, rowLogSumExps,
    rowMadDiffs, rowMads, rowMaxs, rowMeans2, rowMedians, rowMins,
    rowOrderStats, rowProds, rowQuantiles, rowRanges, rowRanks,
    rowSdDiffs, rowSds, rowSums2, rowTabulates, rowVarDiffs, rowVars,
    rowWeightedMads, rowWeightedMeans, rowWeightedMedians,
    rowWeightedSds, rowWeightedVars

Loading required package: Biobase
Welcome to Bioconductor

    Vignettes contain introductory material; view with
    'browseVignettes()'. To cite Bioconductor, see
    'citation("Biobase")', and for packages 'citation("pkgname")'.


Attaching package: ‘Biobase’

The following object is masked from ‘package:MatrixGenerics’:

    rowMedians

The following objects are masked from ‘package:matrixStats’:

    anyMissing, rowMedians


Attaching package: ‘SummarizedExperiment’

The following object is masked from ‘package:SeuratObject’:

    Assays

The following object is masked from ‘package:Seurat’:

    Assays

Performing log-normalization
0%   10   20   30   40   50   60   70   80   90   100%
[----|----|----|----|----|----|----|----|----|----|
**************************************************|
Performing log-normalization
0%   10   20   30   40   50   60   70   80   90   100%
[----|----|----|----|----|----|----|----|----|----|
**************************************************|
[1] "1/21: Early erythroid cells"
[1] "2/21: NK cells"
[1] "3/21: cDC2"
[1] "4/21: Monocyte progenitors"
[1] "5/21: Megakaryocytes"
[1] "6/21: MEMPs"
[1] "7/21: NK progenitors"
[1] "8/21: Kupffer cells"
[1] "9/21: pDCs"
[1] "10/21: Pro B cells"
[1] "11/21: Pre pro B cells"
[1] "12/21: Hepatocytes"
[1] "13/21: Mast cells"
[1] "14/21: HSCs/MPPs"
[1] "15/21: Inflammatory macrophages"
[1] "16/21: LSECs"
[1] "17/21: Granulocyte progenitors"
[1] "18/21: Vascular endothelial cells"
[1] "19/21: Late erythroid cells"
[1] "20/21: Activated stellate cells"
[1] "21/21: Hepatic stellate cells"
Performing log-normalization
0%   10   20   30   40   50   60   70   80   90   100%
[----|----|----|----|----|----|----|----|----|----|
**************************************************|
Performing log-normalization
0%   10   20   30   40   50   60   70   80   90   100%
[----|----|----|----|----|----|----|----|----|----|
**************************************************|
[1] "1/28: Pre pro B cells"
[1] "2/28: Neutrophils"
[1] "3/28: Megakaryocytes"
[1] "4/28: Granulocyte progenitors"
[1] "5/28: Cycling neutrophils"
[1] "6/28: Early erythroid cells"
[1] "7/28: Inflammatory macrophages"
[1] "8/28: cDC2"
[1] "9/28: Late erythroid cells"
[1] "10/28: Pro B cells"
[1] "11/28: MEMPs"
[1] "12/28: Mast cells"
[1] "13/28: NK cells"
[1] "14/28: Pericytes"
[1] "15/28: Sinusoidal endothelial cells"
[1] "16/28: CAR cells"
[1] "17/28: Tolerogenic macrophages"
[1] "18/28: Vascular endothelial cells"
[1] "19/28: Schwann cells"
[1] "20/28: Osteoclasts"
[1] "21/28: B cells"
[1] "22/28: pDCs"
[1] "23/28: Collagen+ myeloid cells"
[1] "24/28: Transitioning endothelial cells"
[1] "25/28: LEPR+ CAR cells"
[1] "26/28: HSCs/MPPs"
[1] "27/28: Fibroblasts"
[1] "28/28: Osteoprogenitors"
Warning messages:
1: In paste0("leiden_v", max(as.numeric(substring(colnames(df@meta.data)[grep("leiden_v",  :
  NAs introduced by coercion
2: In paste0("leiden_v", max(as.numeric(substring(colnames(df2@meta.data)[grep("leiden_v",  :
  NAs introduced by coercion
3: In paste0("leiden_v", max(as.numeric(substring(colnames(df@meta.data)[grep("leiden_v",  :
  NAs introduced by coercion
4: In paste0("leiden_v", max(as.numeric(substring(colnames(df2@meta.data)[grep("leiden_v",  :
  NAs introduced by coercion
