Start
Beginning script draw_scRNA_umap.sample.margin.py
Beginning script...
Module loading completed.

 * Reading in data.../oak/stanford/groups/smontgom/amarder/data/t21/ScanpyObjects/10X_DownSyndrome_Femur.h5ad

 * Saving 3d data to file.../oak/stanford/groups/smontgom/amarder/t21-proj/out/full/data/10X_DownSyndrome_Femur.umap3d.cells_removed.h5ad
Done.

 * Saving 2d data to file.../oak/stanford/groups/smontgom/amarder/t21-proj/out/full/data/10X_DownSyndrome_Femur.umap2d.cells_removed.h5ad
Done.

 * Script completed.

 * Plotting & saving UMAP (numerical labels)... /oak/stanford/groups/smontgom/amarder/t21-proj/out/full/umap_cluster/10X_DownSyndrome_Femur.umap.sample.margin.pdf

 * Plot saved.

 * Reading in data.../oak/stanford/groups/smontgom/amarder/data/t21/ScanpyObjects/10X_DownSyndrome_Liver.h5ad

 * Saving 3d data to file.../oak/stanford/groups/smontgom/amarder/t21-proj/out/full/data/10X_DownSyndrome_Liver.umap3d.cells_removed.h5ad
Done.

 * Saving 2d data to file.../oak/stanford/groups/smontgom/amarder/t21-proj/out/full/data/10X_DownSyndrome_Liver.umap2d.cells_removed.h5ad
Done.

 * Script completed.

 * Plotting & saving UMAP (numerical labels)... /oak/stanford/groups/smontgom/amarder/t21-proj/out/full/umap_cluster/10X_DownSyndrome_Liver.umap.sample.margin.pdf

 * Plot saved.

 * Reading in data.../oak/stanford/groups/smontgom/amarder/data/t21/ScanpyObjects/10X_Healthy_Femur.h5ad

 * Saving 3d data to file.../oak/stanford/groups/smontgom/amarder/t21-proj/out/full/data/10X_Healthy_Femur.umap3d.cells_removed.h5ad
Done.

 * Saving 2d data to file.../oak/stanford/groups/smontgom/amarder/t21-proj/out/full/data/10X_Healthy_Femur.umap2d.cells_removed.h5ad
Done.

 * Script completed.

 * Plotting & saving UMAP (numerical labels)... /oak/stanford/groups/smontgom/amarder/t21-proj/out/full/umap_cluster/10X_Healthy_Femur.umap.sample.margin.pdf

 * Plot saved.

 * Reading in data.../oak/stanford/groups/smontgom/amarder/data/t21/ScanpyObjects/10X_Healthy_Liver.h5ad

 * Saving 3d data to file.../oak/stanford/groups/smontgom/amarder/t21-proj/out/full/data/10X_Healthy_Liver.umap3d.cells_removed.h5ad
Done.

 * Saving 2d data to file.../oak/stanford/groups/smontgom/amarder/t21-proj/out/full/data/10X_Healthy_Liver.umap2d.cells_removed.h5ad
Done.

 * Script completed.

 * Plotting & saving UMAP (numerical labels)... /oak/stanford/groups/smontgom/amarder/t21-proj/out/full/umap_cluster/10X_Healthy_Liver.umap.sample.margin.pdf

 * Plot saved.

 * Script complete...
